2025-11-23 10:31:59.106 [info] [main] Log level: Info
2025-11-23 10:31:59.106 [info] [main] Validating found git in: "git"
2025-11-23 10:31:59.106 [info] [main] Using git "2.52.0" from "git"
2025-11-23 10:31:59.106 [info] [Model][doInitialScan] Initial repository scan started
2025-11-23 10:31:59.106 [info] > git rev-parse --show-toplevel [3ms]
2025-11-23 10:31:59.106 [info] fatal: not a git repository (or any parent up to mount point /)
Stopping at filesystem boundary (GIT_DISCOVERY_ACROSS_FILESYSTEM not set).
2025-11-23 10:31:59.106 [info] > git rev-parse --show-toplevel [1ms]
2025-11-23 10:31:59.106 [info] fatal: not a git repository (or any parent up to mount point /)
Stopping at filesystem boundary (GIT_DISCOVERY_ACROSS_FILESYSTEM not set).
2025-11-23 10:31:59.106 [info] > git rev-parse --show-toplevel [1ms]
2025-11-23 10:31:59.106 [info] fatal: not a git repository (or any parent up to mount point /)
Stopping at filesystem boundary (GIT_DISCOVERY_ACROSS_FILESYSTEM not set).
2025-11-23 10:31:59.106 [info] > git rev-parse --show-toplevel [1ms]
2025-11-23 10:31:59.106 [info] fatal: not a git repository (or any parent up to mount point /)
Stopping at filesystem boundary (GIT_DISCOVERY_ACROSS_FILESYSTEM not set).
2025-11-23 10:31:59.106 [info] > git rev-parse --show-toplevel [1ms]
2025-11-23 10:31:59.106 [info] fatal: not a git repository (or any parent up to mount point /)
Stopping at filesystem boundary (GIT_DISCOVERY_ACROSS_FILESYSTEM not set).
2025-11-23 10:31:59.106 [info] > git rev-parse --show-toplevel [2ms]
2025-11-23 10:31:59.106 [info] fatal: not a git repository (or any parent up to mount point /)
Stopping at filesystem boundary (GIT_DISCOVERY_ACROSS_FILESYSTEM not set).
2025-11-23 10:31:59.106 [info] > git rev-parse --show-toplevel [1ms]
2025-11-23 10:31:59.106 [info] fatal: not a git repository (or any parent up to mount point /)
Stopping at filesystem boundary (GIT_DISCOVERY_ACROSS_FILESYSTEM not set).
2025-11-23 10:31:59.106 [info] > git rev-parse --show-toplevel [0ms]
2025-11-23 10:31:59.106 [info] fatal: not a git repository (or any parent up to mount point /)
Stopping at filesystem boundary (GIT_DISCOVERY_ACROSS_FILESYSTEM not set).
2025-11-23 10:31:59.106 [info] > git rev-parse --show-toplevel [1ms]
2025-11-23 10:31:59.106 [info] fatal: not a git repository (or any parent up to mount point /)
Stopping at filesystem boundary (GIT_DISCOVERY_ACROSS_FILESYSTEM not set).
2025-11-23 10:31:59.106 [info] > git rev-parse --show-toplevel [5ms]
2025-11-23 10:31:59.106 [info] fatal: not a git repository (or any parent up to mount point /)
Stopping at filesystem boundary (GIT_DISCOVERY_ACROSS_FILESYSTEM not set).
2025-11-23 10:31:59.106 [info] > git rev-parse --show-toplevel [3ms]
2025-11-23 10:31:59.106 [info] fatal: not a git repository (or any parent up to mount point /)
Stopping at filesystem boundary (GIT_DISCOVERY_ACROSS_FILESYSTEM not set).
2025-11-23 10:31:59.127 [info] > git rev-parse --show-toplevel [3ms]
2025-11-23 10:31:59.127 [info] fatal: not a git repository (or any parent up to mount point /)
Stopping at filesystem boundary (GIT_DISCOVERY_ACROSS_FILESYSTEM not set).
2025-11-23 10:31:59.131 [info] > git rev-parse --show-toplevel [1ms]
2025-11-23 10:31:59.131 [info] fatal: not a git repository (or any parent up to mount point /)
Stopping at filesystem boundary (GIT_DISCOVERY_ACROSS_FILESYSTEM not set).
2025-11-23 10:31:59.135 [info] > git rev-parse --show-toplevel [1ms]
2025-11-23 10:31:59.135 [info] fatal: not a git repository (or any parent up to mount point /)
Stopping at filesystem boundary (GIT_DISCOVERY_ACROSS_FILESYSTEM not set).
2025-11-23 10:31:59.138 [info] > git rev-parse --show-toplevel [1ms]
2025-11-23 10:31:59.138 [info] fatal: not a git repository (or any parent up to mount point /)
Stopping at filesystem boundary (GIT_DISCOVERY_ACROSS_FILESYSTEM not set).
2025-11-23 10:31:59.142 [info] > git rev-parse --show-toplevel [1ms]
2025-11-23 10:31:59.142 [info] fatal: not a git repository (or any parent up to mount point /)
Stopping at filesystem boundary (GIT_DISCOVERY_ACROSS_FILESYSTEM not set).
2025-11-23 10:31:59.145 [info] > git rev-parse --show-toplevel [1ms]
2025-11-23 10:31:59.145 [info] fatal: not a git repository (or any parent up to mount point /)
Stopping at filesystem boundary (GIT_DISCOVERY_ACROSS_FILESYSTEM not set).
2025-11-23 10:31:59.148 [info] > git rev-parse --show-toplevel [1ms]
2025-11-23 10:31:59.148 [info] fatal: not a git repository (or any parent up to mount point /)
Stopping at filesystem boundary (GIT_DISCOVERY_ACROSS_FILESYSTEM not set).
2025-11-23 10:31:59.152 [info] > git rev-parse --show-toplevel [1ms]
2025-11-23 10:31:59.152 [info] fatal: not a git repository (or any parent up to mount point /)
Stopping at filesystem boundary (GIT_DISCOVERY_ACROSS_FILESYSTEM not set).
2025-11-23 10:31:59.155 [info] > git rev-parse --show-toplevel [1ms]
2025-11-23 10:31:59.155 [info] fatal: not a git repository (or any parent up to mount point /)
Stopping at filesystem boundary (GIT_DISCOVERY_ACROSS_FILESYSTEM not set).
2025-11-23 10:31:59.158 [info] > git rev-parse --show-toplevel [0ms]
2025-11-23 10:31:59.158 [info] fatal: not a git repository (or any parent up to mount point /)
Stopping at filesystem boundary (GIT_DISCOVERY_ACROSS_FILESYSTEM not set).
2025-11-23 10:31:59.162 [info] > git rev-parse --show-toplevel [1ms]
2025-11-23 10:31:59.162 [info] fatal: not a git repository (or any parent up to mount point /)
Stopping at filesystem boundary (GIT_DISCOVERY_ACROSS_FILESYSTEM not set).
2025-11-23 10:31:59.166 [info] > git rev-parse --show-toplevel [1ms]
2025-11-23 10:31:59.166 [info] fatal: not a git repository (or any parent up to mount point /)
Stopping at filesystem boundary (GIT_DISCOVERY_ACROSS_FILESYSTEM not set).
2025-11-23 10:31:59.169 [info] > git rev-parse --show-toplevel [1ms]
2025-11-23 10:31:59.169 [info] fatal: not a git repository (or any parent up to mount point /)
Stopping at filesystem boundary (GIT_DISCOVERY_ACROSS_FILESYSTEM not set).
2025-11-23 10:31:59.172 [info] > git rev-parse --show-toplevel [0ms]
2025-11-23 10:31:59.172 [info] fatal: not a git repository (or any parent up to mount point /)
Stopping at filesystem boundary (GIT_DISCOVERY_ACROSS_FILESYSTEM not set).
2025-11-23 10:31:59.176 [info] > git rev-parse --show-toplevel [1ms]
2025-11-23 10:31:59.176 [info] fatal: not a git repository (or any parent up to mount point /)
Stopping at filesystem boundary (GIT_DISCOVERY_ACROSS_FILESYSTEM not set).
2025-11-23 10:31:59.179 [info] > git rev-parse --show-toplevel [0ms]
2025-11-23 10:31:59.179 [info] fatal: not a git repository (or any parent up to mount point /)
Stopping at filesystem boundary (GIT_DISCOVERY_ACROSS_FILESYSTEM not set).
2025-11-23 10:31:59.183 [info] > git rev-parse --show-toplevel [1ms]
2025-11-23 10:31:59.183 [info] fatal: not a git repository (or any parent up to mount point /)
Stopping at filesystem boundary (GIT_DISCOVERY_ACROSS_FILESYSTEM not set).
2025-11-23 10:31:59.186 [info] > git rev-parse --show-toplevel [1ms]
2025-11-23 10:31:59.186 [info] fatal: not a git repository (or any parent up to mount point /)
Stopping at filesystem boundary (GIT_DISCOVERY_ACROSS_FILESYSTEM not set).
2025-11-23 10:31:59.190 [info] > git rev-parse --show-toplevel [1ms]
2025-11-23 10:31:59.190 [info] fatal: not a git repository (or any parent up to mount point /)
Stopping at filesystem boundary (GIT_DISCOVERY_ACROSS_FILESYSTEM not set).
2025-11-23 10:31:59.194 [info] > git rev-parse --show-toplevel [1ms]
2025-11-23 10:31:59.194 [info] fatal: not a git repository (or any parent up to mount point /)
Stopping at filesystem boundary (GIT_DISCOVERY_ACROSS_FILESYSTEM not set).
2025-11-23 10:31:59.198 [info] > git rev-parse --show-toplevel [1ms]
2025-11-23 10:31:59.198 [info] fatal: not a git repository (or any parent up to mount point /)
Stopping at filesystem boundary (GIT_DISCOVERY_ACROSS_FILESYSTEM not set).
2025-11-23 10:31:59.202 [info] > git rev-parse --show-toplevel [1ms]
2025-11-23 10:31:59.202 [info] fatal: not a git repository (or any parent up to mount point /)
Stopping at filesystem boundary (GIT_DISCOVERY_ACROSS_FILESYSTEM not set).
2025-11-23 10:31:59.205 [info] > git rev-parse --show-toplevel [0ms]
2025-11-23 10:31:59.205 [info] fatal: not a git repository (or any parent up to mount point /)
Stopping at filesystem boundary (GIT_DISCOVERY_ACROSS_FILESYSTEM not set).
2025-11-23 10:31:59.209 [info] > git rev-parse --show-toplevel [0ms]
2025-11-23 10:31:59.209 [info] fatal: not a git repository (or any parent up to mount point /)
Stopping at filesystem boundary (GIT_DISCOVERY_ACROSS_FILESYSTEM not set).
2025-11-23 10:31:59.213 [info] > git rev-parse --show-toplevel [1ms]
2025-11-23 10:31:59.213 [info] fatal: not a git repository (or any parent up to mount point /)
Stopping at filesystem boundary (GIT_DISCOVERY_ACROSS_FILESYSTEM not set).
2025-11-23 10:31:59.217 [info] > git rev-parse --show-toplevel [1ms]
2025-11-23 10:31:59.217 [info] fatal: not a git repository (or any parent up to mount point /)
Stopping at filesystem boundary (GIT_DISCOVERY_ACROSS_FILESYSTEM not set).
2025-11-23 10:31:59.221 [info] > git rev-parse --show-toplevel [1ms]
2025-11-23 10:31:59.221 [info] fatal: not a git repository (or any parent up to mount point /)
Stopping at filesystem boundary (GIT_DISCOVERY_ACROSS_FILESYSTEM not set).
2025-11-23 10:31:59.229 [info] > git rev-parse --show-toplevel [5ms]
2025-11-23 10:31:59.229 [info] fatal: not a git repository (or any parent up to mount point /)
Stopping at filesystem boundary (GIT_DISCOVERY_ACROSS_FILESYSTEM not set).
2025-11-23 10:31:59.233 [info] > git rev-parse --show-toplevel [1ms]
2025-11-23 10:31:59.233 [info] fatal: not a git repository (or any parent up to mount point /)
Stopping at filesystem boundary (GIT_DISCOVERY_ACROSS_FILESYSTEM not set).
2025-11-23 10:31:59.237 [info] > git rev-parse --show-toplevel [1ms]
2025-11-23 10:31:59.237 [info] fatal: not a git repository (or any parent up to mount point /)
Stopping at filesystem boundary (GIT_DISCOVERY_ACROSS_FILESYSTEM not set).
2025-11-23 10:31:59.240 [info] > git rev-parse --show-toplevel [1ms]
2025-11-23 10:31:59.240 [info] fatal: not a git repository (or any parent up to mount point /)
Stopping at filesystem boundary (GIT_DISCOVERY_ACROSS_FILESYSTEM not set).
2025-11-23 10:31:59.244 [info] > git rev-parse --show-toplevel [1ms]
2025-11-23 10:31:59.244 [info] fatal: not a git repository (or any parent up to mount point /)
Stopping at filesystem boundary (GIT_DISCOVERY_ACROSS_FILESYSTEM not set).
2025-11-23 10:31:59.248 [info] > git rev-parse --show-toplevel [1ms]
2025-11-23 10:31:59.248 [info] fatal: not a git repository (or any parent up to mount point /)
Stopping at filesystem boundary (GIT_DISCOVERY_ACROSS_FILESYSTEM not set).
2025-11-23 10:31:59.251 [info] > git rev-parse --show-toplevel [0ms]
2025-11-23 10:31:59.251 [info] fatal: not a git repository (or any parent up to mount point /)
Stopping at filesystem boundary (GIT_DISCOVERY_ACROSS_FILESYSTEM not set).
2025-11-23 10:31:59.255 [info] > git rev-parse --show-toplevel [1ms]
2025-11-23 10:31:59.255 [info] fatal: not a git repository (or any parent up to mount point /)
Stopping at filesystem boundary (GIT_DISCOVERY_ACROSS_FILESYSTEM not set).
2025-11-23 10:31:59.255 [info] [Model][doInitialScan] Initial repository scan completed - repositories (0), closed repositories (0), parent repositories (0), unsafe repositories (0)
2025-11-23 10:31:59.259 [info] > git rev-parse --show-toplevel [1ms]
2025-11-23 10:31:59.259 [info] fatal: not a git repository (or any parent up to mount point /)
Stopping at filesystem boundary (GIT_DISCOVERY_ACROSS_FILESYSTEM not set).
2025-11-23 10:31:59.262 [info] > git rev-parse --show-toplevel [0ms]
2025-11-23 10:31:59.262 [info] fatal: not a git repository (or any parent up to mount point /)
Stopping at filesystem boundary (GIT_DISCOVERY_ACROSS_FILESYSTEM not set).
2025-11-23 10:31:59.266 [info] > git rev-parse --show-toplevel [1ms]
2025-11-23 10:31:59.266 [info] fatal: not a git repository (or any parent up to mount point /)
Stopping at filesystem boundary (GIT_DISCOVERY_ACROSS_FILESYSTEM not set).
2025-11-23 10:31:59.270 [info] > git rev-parse --show-toplevel [1ms]
2025-11-23 10:31:59.270 [info] fatal: not a git repository (or any parent up to mount point /)
Stopping at filesystem boundary (GIT_DISCOVERY_ACROSS_FILESYSTEM not set).
2025-11-23 10:31:59.273 [info] > git rev-parse --show-toplevel [1ms]
2025-11-23 10:31:59.273 [info] fatal: not a git repository (or any parent up to mount point /)
Stopping at filesystem boundary (GIT_DISCOVERY_ACROSS_FILESYSTEM not set).
2025-11-23 10:31:59.277 [info] > git rev-parse --show-toplevel [1ms]
2025-11-23 10:31:59.277 [info] fatal: not a git repository (or any parent up to mount point /)
Stopping at filesystem boundary (GIT_DISCOVERY_ACROSS_FILESYSTEM not set).
2025-11-23 10:32:00.739 [info] > git rev-parse --show-toplevel [1ms]
2025-11-23 10:32:00.739 [info] fatal: not a git repository (or any parent up to mount point /)
Stopping at filesystem boundary (GIT_DISCOVERY_ACROSS_FILESYSTEM not set).
2025-11-23 10:32:00.742 [info] > git rev-parse --show-toplevel [0ms]
2025-11-23 10:32:00.742 [info] fatal: not a git repository (or any parent up to mount point /)
Stopping at filesystem boundary (GIT_DISCOVERY_ACROSS_FILESYSTEM not set).
2025-11-23 10:32:20.143 [info] > git rev-parse --show-toplevel [1ms]
2025-11-23 10:32:20.143 [info] fatal: not a git repository (or any parent up to mount point /)
Stopping at filesystem boundary (GIT_DISCOVERY_ACROSS_FILESYSTEM not set).
