2025-11-23 10:21:44.658 [info] [main] Log level: Info
2025-11-23 10:21:44.658 [info] [main] Validating found git in: "git"
2025-11-23 10:21:44.658 [info] [main] Using git "2.52.0" from "git"
2025-11-23 10:21:44.658 [info] [Model][doInitialScan] Initial repository scan started
2025-11-23 10:21:44.659 [info] > git rev-parse --show-toplevel [4ms]
2025-11-23 10:21:44.659 [info] fatal: not a git repository (or any parent up to mount point /)
Stopping at filesystem boundary (GIT_DISCOVERY_ACROSS_FILESYSTEM not set).
2025-11-23 10:21:44.664 [info] > git rev-parse --show-toplevel [1ms]
2025-11-23 10:21:44.664 [info] fatal: not a git repository (or any parent up to mount point /)
Stopping at filesystem boundary (GIT_DISCOVERY_ACROSS_FILESYSTEM not set).
2025-11-23 10:21:44.670 [info] > git rev-parse --show-toplevel [1ms]
2025-11-23 10:21:44.670 [info] fatal: not a git repository (or any parent up to mount point /)
Stopping at filesystem boundary (GIT_DISCOVERY_ACROSS_FILESYSTEM not set).
2025-11-23 10:21:44.674 [info] > git rev-parse --show-toplevel [1ms]
2025-11-23 10:21:44.674 [info] fatal: not a git repository (or any parent up to mount point /)
Stopping at filesystem boundary (GIT_DISCOVERY_ACROSS_FILESYSTEM not set).
2025-11-23 10:21:44.708 [info] > git rev-parse --show-toplevel [19ms]
2025-11-23 10:21:44.708 [info] fatal: not a git repository (or any parent up to mount point /)
Stopping at filesystem boundary (GIT_DISCOVERY_ACROSS_FILESYSTEM not set).
2025-11-23 10:21:44.716 [info] > git rev-parse --show-toplevel [1ms]
2025-11-23 10:21:44.716 [info] fatal: not a git repository (or any parent up to mount point /)
Stopping at filesystem boundary (GIT_DISCOVERY_ACROSS_FILESYSTEM not set).
2025-11-23 10:21:44.722 [info] > git rev-parse --show-toplevel [0ms]
2025-11-23 10:21:44.722 [info] fatal: not a git repository (or any parent up to mount point /)
Stopping at filesystem boundary (GIT_DISCOVERY_ACROSS_FILESYSTEM not set).
2025-11-23 10:21:44.726 [info] > git rev-parse --show-toplevel [0ms]
2025-11-23 10:21:44.726 [info] fatal: not a git repository (or any parent up to mount point /)
Stopping at filesystem boundary (GIT_DISCOVERY_ACROSS_FILESYSTEM not set).
2025-11-23 10:21:44.730 [info] > git rev-parse --show-toplevel [1ms]
2025-11-23 10:21:44.730 [info] fatal: not a git repository (or any parent up to mount point /)
Stopping at filesystem boundary (GIT_DISCOVERY_ACROSS_FILESYSTEM not set).
2025-11-23 10:21:44.734 [info] > git rev-parse --show-toplevel [1ms]
2025-11-23 10:21:44.734 [info] fatal: not a git repository (or any parent up to mount point /)
Stopping at filesystem boundary (GIT_DISCOVERY_ACROSS_FILESYSTEM not set).
2025-11-23 10:21:44.739 [info] > git rev-parse --show-toplevel [2ms]
2025-11-23 10:21:44.739 [info] fatal: not a git repository (or any parent up to mount point /)
Stopping at filesystem boundary (GIT_DISCOVERY_ACROSS_FILESYSTEM not set).
2025-11-23 10:21:44.743 [info] > git rev-parse --show-toplevel [1ms]
2025-11-23 10:21:44.743 [info] fatal: not a git repository (or any parent up to mount point /)
Stopping at filesystem boundary (GIT_DISCOVERY_ACROSS_FILESYSTEM not set).
2025-11-23 10:21:44.747 [info] > git rev-parse --show-toplevel [1ms]
2025-11-23 10:21:44.747 [info] fatal: not a git repository (or any parent up to mount point /)
Stopping at filesystem boundary (GIT_DISCOVERY_ACROSS_FILESYSTEM not set).
2025-11-23 10:21:44.751 [info] > git rev-parse --show-toplevel [1ms]
2025-11-23 10:21:44.751 [info] fatal: not a git repository (or any parent up to mount point /)
Stopping at filesystem boundary (GIT_DISCOVERY_ACROSS_FILESYSTEM not set).
2025-11-23 10:21:44.754 [info] > git rev-parse --show-toplevel [0ms]
2025-11-23 10:21:44.754 [info] fatal: not a git repository (or any parent up to mount point /)
Stopping at filesystem boundary (GIT_DISCOVERY_ACROSS_FILESYSTEM not set).
2025-11-23 10:21:44.758 [info] > git rev-parse --show-toplevel [1ms]
2025-11-23 10:21:44.758 [info] fatal: not a git repository (or any parent up to mount point /)
Stopping at filesystem boundary (GIT_DISCOVERY_ACROSS_FILESYSTEM not set).
2025-11-23 10:21:44.761 [info] > git rev-parse --show-toplevel [1ms]
2025-11-23 10:21:44.761 [info] fatal: not a git repository (or any parent up to mount point /)
Stopping at filesystem boundary (GIT_DISCOVERY_ACROSS_FILESYSTEM not set).
2025-11-23 10:21:44.765 [info] > git rev-parse --show-toplevel [1ms]
2025-11-23 10:21:44.765 [info] fatal: not a git repository (or any parent up to mount point /)
Stopping at filesystem boundary (GIT_DISCOVERY_ACROSS_FILESYSTEM not set).
2025-11-23 10:21:44.774 [info] > git rev-parse --show-toplevel [6ms]
2025-11-23 10:21:44.774 [info] fatal: not a git repository (or any parent up to mount point /)
Stopping at filesystem boundary (GIT_DISCOVERY_ACROSS_FILESYSTEM not set).
2025-11-23 10:21:44.778 [info] > git rev-parse --show-toplevel [1ms]
2025-11-23 10:21:44.778 [info] fatal: not a git repository (or any parent up to mount point /)
Stopping at filesystem boundary (GIT_DISCOVERY_ACROSS_FILESYSTEM not set).
2025-11-23 10:21:44.782 [info] > git rev-parse --show-toplevel [1ms]
2025-11-23 10:21:44.782 [info] fatal: not a git repository (or any parent up to mount point /)
Stopping at filesystem boundary (GIT_DISCOVERY_ACROSS_FILESYSTEM not set).
2025-11-23 10:21:44.786 [info] > git rev-parse --show-toplevel [1ms]
2025-11-23 10:21:44.786 [info] fatal: not a git repository (or any parent up to mount point /)
Stopping at filesystem boundary (GIT_DISCOVERY_ACROSS_FILESYSTEM not set).
2025-11-23 10:21:44.789 [info] > git rev-parse --show-toplevel [1ms]
2025-11-23 10:21:44.789 [info] fatal: not a git repository (or any parent up to mount point /)
Stopping at filesystem boundary (GIT_DISCOVERY_ACROSS_FILESYSTEM not set).
2025-11-23 10:21:44.792 [info] > git rev-parse --show-toplevel [0ms]
2025-11-23 10:21:44.793 [info] fatal: not a git repository (or any parent up to mount point /)
Stopping at filesystem boundary (GIT_DISCOVERY_ACROSS_FILESYSTEM not set).
2025-11-23 10:21:44.797 [info] > git rev-parse --show-toplevel [1ms]
2025-11-23 10:21:44.797 [info] fatal: not a git repository (or any parent up to mount point /)
Stopping at filesystem boundary (GIT_DISCOVERY_ACROSS_FILESYSTEM not set).
2025-11-23 10:21:44.800 [info] > git rev-parse --show-toplevel [0ms]
2025-11-23 10:21:44.800 [info] fatal: not a git repository (or any parent up to mount point /)
Stopping at filesystem boundary (GIT_DISCOVERY_ACROSS_FILESYSTEM not set).
2025-11-23 10:21:44.804 [info] > git rev-parse --show-toplevel [1ms]
2025-11-23 10:21:44.804 [info] fatal: not a git repository (or any parent up to mount point /)
Stopping at filesystem boundary (GIT_DISCOVERY_ACROSS_FILESYSTEM not set).
2025-11-23 10:21:44.807 [info] > git rev-parse --show-toplevel [0ms]
2025-11-23 10:21:44.808 [info] fatal: not a git repository (or any parent up to mount point /)
Stopping at filesystem boundary (GIT_DISCOVERY_ACROSS_FILESYSTEM not set).
2025-11-23 10:21:44.811 [info] > git rev-parse --show-toplevel [1ms]
2025-11-23 10:21:44.811 [info] fatal: not a git repository (or any parent up to mount point /)
Stopping at filesystem boundary (GIT_DISCOVERY_ACROSS_FILESYSTEM not set).
2025-11-23 10:21:44.815 [info] > git rev-parse --show-toplevel [1ms]
2025-11-23 10:21:44.815 [info] fatal: not a git repository (or any parent up to mount point /)
Stopping at filesystem boundary (GIT_DISCOVERY_ACROSS_FILESYSTEM not set).
2025-11-23 10:21:44.818 [info] > git rev-parse --show-toplevel [1ms]
2025-11-23 10:21:44.818 [info] fatal: not a git repository (or any parent up to mount point /)
Stopping at filesystem boundary (GIT_DISCOVERY_ACROSS_FILESYSTEM not set).
2025-11-23 10:21:44.822 [info] > git rev-parse --show-toplevel [1ms]
2025-11-23 10:21:44.822 [info] fatal: not a git repository (or any parent up to mount point /)
Stopping at filesystem boundary (GIT_DISCOVERY_ACROSS_FILESYSTEM not set).
2025-11-23 10:21:44.825 [info] > git rev-parse --show-toplevel [1ms]
2025-11-23 10:21:44.825 [info] fatal: not a git repository (or any parent up to mount point /)
Stopping at filesystem boundary (GIT_DISCOVERY_ACROSS_FILESYSTEM not set).
2025-11-23 10:21:44.829 [info] > git rev-parse --show-toplevel [1ms]
2025-11-23 10:21:44.829 [info] fatal: not a git repository (or any parent up to mount point /)
Stopping at filesystem boundary (GIT_DISCOVERY_ACROSS_FILESYSTEM not set).
2025-11-23 10:21:44.833 [info] > git rev-parse --show-toplevel [1ms]
2025-11-23 10:21:44.833 [info] fatal: not a git repository (or any parent up to mount point /)
Stopping at filesystem boundary (GIT_DISCOVERY_ACROSS_FILESYSTEM not set).
2025-11-23 10:21:44.836 [info] > git rev-parse --show-toplevel [1ms]
2025-11-23 10:21:44.836 [info] fatal: not a git repository (or any parent up to mount point /)
Stopping at filesystem boundary (GIT_DISCOVERY_ACROSS_FILESYSTEM not set).
2025-11-23 10:21:44.840 [info] > git rev-parse --show-toplevel [1ms]
2025-11-23 10:21:44.840 [info] fatal: not a git repository (or any parent up to mount point /)
Stopping at filesystem boundary (GIT_DISCOVERY_ACROSS_FILESYSTEM not set).
2025-11-23 10:21:44.844 [info] > git rev-parse --show-toplevel [1ms]
2025-11-23 10:21:44.844 [info] fatal: not a git repository (or any parent up to mount point /)
Stopping at filesystem boundary (GIT_DISCOVERY_ACROSS_FILESYSTEM not set).
2025-11-23 10:21:44.847 [info] > git rev-parse --show-toplevel [0ms]
2025-11-23 10:21:44.847 [info] fatal: not a git repository (or any parent up to mount point /)
Stopping at filesystem boundary (GIT_DISCOVERY_ACROSS_FILESYSTEM not set).
2025-11-23 10:21:44.851 [info] > git rev-parse --show-toplevel [1ms]
2025-11-23 10:21:44.851 [info] fatal: not a git repository (or any parent up to mount point /)
Stopping at filesystem boundary (GIT_DISCOVERY_ACROSS_FILESYSTEM not set).
2025-11-23 10:21:44.854 [info] > git rev-parse --show-toplevel [1ms]
2025-11-23 10:21:44.854 [info] fatal: not a git repository (or any parent up to mount point /)
Stopping at filesystem boundary (GIT_DISCOVERY_ACROSS_FILESYSTEM not set).
2025-11-23 10:21:44.858 [info] > git rev-parse --show-toplevel [1ms]
2025-11-23 10:21:44.858 [info] fatal: not a git repository (or any parent up to mount point /)
Stopping at filesystem boundary (GIT_DISCOVERY_ACROSS_FILESYSTEM not set).
2025-11-23 10:21:44.861 [info] > git rev-parse --show-toplevel [0ms]
2025-11-23 10:21:44.861 [info] fatal: not a git repository (or any parent up to mount point /)
Stopping at filesystem boundary (GIT_DISCOVERY_ACROSS_FILESYSTEM not set).
2025-11-23 10:21:44.865 [info] > git rev-parse --show-toplevel [1ms]
2025-11-23 10:21:44.865 [info] fatal: not a git repository (or any parent up to mount point /)
Stopping at filesystem boundary (GIT_DISCOVERY_ACROSS_FILESYSTEM not set).
2025-11-23 10:21:44.869 [info] > git rev-parse --show-toplevel [1ms]
2025-11-23 10:21:44.869 [info] fatal: not a git repository (or any parent up to mount point /)
Stopping at filesystem boundary (GIT_DISCOVERY_ACROSS_FILESYSTEM not set).
2025-11-23 10:21:44.873 [info] > git rev-parse --show-toplevel [1ms]
2025-11-23 10:21:44.873 [info] fatal: not a git repository (or any parent up to mount point /)
Stopping at filesystem boundary (GIT_DISCOVERY_ACROSS_FILESYSTEM not set).
2025-11-23 10:21:44.877 [info] > git rev-parse --show-toplevel [0ms]
2025-11-23 10:21:44.877 [info] fatal: not a git repository (or any parent up to mount point /)
Stopping at filesystem boundary (GIT_DISCOVERY_ACROSS_FILESYSTEM not set).
2025-11-23 10:21:44.880 [info] > git rev-parse --show-toplevel [0ms]
2025-11-23 10:21:44.880 [info] fatal: not a git repository (or any parent up to mount point /)
Stopping at filesystem boundary (GIT_DISCOVERY_ACROSS_FILESYSTEM not set).
2025-11-23 10:21:44.881 [info] [Model][doInitialScan] Initial repository scan completed - repositories (0), closed repositories (0), parent repositories (0), unsafe repositories (0)
2025-11-23 10:21:44.884 [info] > git rev-parse --show-toplevel [0ms]
2025-11-23 10:21:44.884 [info] fatal: not a git repository (or any parent up to mount point /)
Stopping at filesystem boundary (GIT_DISCOVERY_ACROSS_FILESYSTEM not set).
2025-11-23 10:21:44.888 [info] > git rev-parse --show-toplevel [1ms]
2025-11-23 10:21:44.888 [info] fatal: not a git repository (or any parent up to mount point /)
Stopping at filesystem boundary (GIT_DISCOVERY_ACROSS_FILESYSTEM not set).
2025-11-23 10:21:46.476 [info] > git rev-parse --show-toplevel [1ms]
2025-11-23 10:21:46.476 [info] fatal: not a git repository (or any parent up to mount point /)
Stopping at filesystem boundary (GIT_DISCOVERY_ACROSS_FILESYSTEM not set).
2025-11-23 10:21:46.480 [info] > git rev-parse --show-toplevel [1ms]
2025-11-23 10:21:46.480 [info] fatal: not a git repository (or any parent up to mount point /)
Stopping at filesystem boundary (GIT_DISCOVERY_ACROSS_FILESYSTEM not set).
