[2025-10-30 17:06:04.509] [info]  Checking for update
[2025-10-30 17:06:04.527] [info]  Generated new staging user ID: 203ffeca-2773-515c-98a3-aa86893304e1
[2025-10-30 17:06:04.925] [info]  Checking for update (already in progress)
[2025-10-30 17:06:06.950] [info]  Update for version 3.198.5 is not available (latest version: 3.198.5, downgrade is disallowed).
[2025-10-30 17:34:15.000] [info]  Checking for update
[2025-10-30 17:34:15.452] [info]  Checking for update (already in progress)
[2025-10-30 17:34:17.395] [info]  Update for version 3.198.5 is not available (latest version: 3.198.5, downgrade is disallowed).
[2025-10-30 18:42:06.595] [info]  Checking for update
[2025-10-30 18:42:07.060] [info]  Checking for update (already in progress)
[2025-10-30 18:42:09.118] [info]  Update for version 3.198.5 is not available (latest version: 3.198.5, downgrade is disallowed).
[2025-10-30 18:59:26.987] [info]  Checking for update
[2025-10-30 18:59:27.434] [info]  Checking for update (already in progress)
[2025-10-30 18:59:29.099] [info]  Update for version 3.198.5 is not available (latest version: 3.198.5, downgrade is disallowed).
[2025-10-30 20:51:33.431] [info]  Checking for update
[2025-10-30 20:51:33.912] [info]  Checking for update (already in progress)
[2025-10-30 20:51:35.822] [info]  Update for version 3.198.5 is not available (latest version: 3.198.5, downgrade is disallowed).
[2025-10-30 23:30:25.887] [info]  Checking for update
[2025-10-30 23:30:26.360] [info]  Checking for update (already in progress)
[2025-10-30 23:30:28.145] [info]  Update for version 3.198.5 is not available (latest version: 3.198.5, downgrade is disallowed).
[2025-10-31 00:15:35.902] [info]  Checking for update
[2025-10-31 00:15:36.435] [info]  Checking for update (already in progress)
[2025-10-31 00:15:38.079] [info]  Update for version 3.198.5 is not available (latest version: 3.198.5, downgrade is disallowed).
[2025-10-31 10:43:15.062] [info]  Checking for update
[2025-10-31 10:43:15.532] [info]  Checking for update (already in progress)
[2025-10-31 10:43:17.367] [info]  Update for version 3.198.5 is not available (latest version: 3.198.5, downgrade is disallowed).
[2025-10-31 20:47:54.616] [info]  Checking for update
[2025-10-31 20:47:55.099] [info]  Checking for update (already in progress)
[2025-10-31 20:47:57.018] [info]  Update for version 3.198.5 is not available (latest version: 3.198.5, downgrade is disallowed).
[2025-11-01 01:13:39.742] [info]  Checking for update
[2025-11-01 01:13:40.225] [info]  Checking for update (already in progress)
[2025-11-01 01:13:42.132] [info]  Update for version 3.198.5 is not available (latest version: 3.198.5, downgrade is disallowed).
[2025-11-01 10:56:16.854] [info]  Checking for update
[2025-11-01 10:56:17.350] [info]  Checking for update (already in progress)
[2025-11-01 10:56:19.185] [info]  Update for version 3.198.5 is not available (latest version: 3.198.5, downgrade is disallowed).
[2025-11-01 13:49:01.802] [info]  Checking for update
[2025-11-01 13:49:02.280] [info]  Checking for update (already in progress)
[2025-11-01 13:49:03.997] [info]  Update for version 3.198.5 is not available (latest version: 3.198.5, downgrade is disallowed).
[2025-11-01 14:54:57.960] [info]  Checking for update
[2025-11-01 14:54:58.456] [info]  Checking for update (already in progress)
[2025-11-01 14:55:00.188] [info]  Update for version 3.198.5 is not available (latest version: 3.198.5, downgrade is disallowed).
[2025-11-01 17:43:24.094] [info]  Checking for update
[2025-11-01 17:43:24.614] [info]  Checking for update (already in progress)
[2025-11-01 17:43:26.070] [info]  Update for version 3.198.5 is not available (latest version: 3.198.5, downgrade is disallowed).
[2025-11-01 18:41:43.072] [info]  Checking for update
[2025-11-01 18:41:43.572] [info]  Checking for update (already in progress)
[2025-11-01 18:41:45.326] [info]  Update for version 3.198.5 is not available (latest version: 3.198.5, downgrade is disallowed).
[2025-11-01 21:34:43.030] [info]  Checking for update
[2025-11-01 21:34:43.516] [info]  Checking for update (already in progress)
[2025-11-01 21:34:43.863] [info]  Update for version 3.198.5 is not available (latest version: 3.198.5, downgrade is disallowed).
[2025-11-01 22:50:26.374] [info]  Checking for update
[2025-11-01 22:50:26.851] [info]  Checking for update (already in progress)
[2025-11-01 22:50:28.726] [info]  Update for version 3.198.5 is not available (latest version: 3.198.5, downgrade is disallowed).
[2025-11-02 13:55:22.961] [info]  Checking for update
[2025-11-02 13:55:23.491] [info]  Checking for update (already in progress)
[2025-11-02 13:55:25.282] [info]  Update for version 3.198.5 is not available (latest version: 3.198.5, downgrade is disallowed).
[2025-11-02 17:30:30.686] [info]  Checking for update
[2025-11-02 17:30:31.163] [info]  Checking for update (already in progress)
[2025-11-02 17:30:32.999] [info]  Update for version 3.198.5 is not available (latest version: 3.198.5, downgrade is disallowed).
[2025-11-02 18:30:50.061] [info]  Checking for update
[2025-11-02 18:30:50.561] [info]  Checking for update (already in progress)
[2025-11-02 18:30:55.146] [info]  Update for version 3.198.5 is not available (latest version: 3.198.5, downgrade is disallowed).
[2025-11-03 16:22:11.108] [info]  Checking for update
[2025-11-03 16:22:11.577] [info]  Checking for update (already in progress)
[2025-11-03 16:22:13.390] [info]  Update for version 3.198.5 is not available (latest version: 3.198.5, downgrade is disallowed).
[2025-11-03 19:22:33.587] [info]  Checking for update
[2025-11-03 19:22:34.077] [info]  Checking for update (already in progress)
[2025-11-03 19:22:35.934] [info]  Update for version 3.198.5 is not available (latest version: 3.198.5, downgrade is disallowed).
[2025-11-04 13:23:49.552] [info]  Checking for update
[2025-11-04 13:23:50.026] [info]  Checking for update (already in progress)
[2025-11-04 13:23:51.649] [info]  Update for version 3.198.5 is not available (latest version: 3.198.5, downgrade is disallowed).
[2025-11-05 00:03:55.106] [info]  Checking for update
[2025-11-05 00:03:55.585] [info]  Checking for update (already in progress)
[2025-11-05 00:03:57.559] [info]  Update for version 3.198.5 is not available (latest version: 3.198.5, downgrade is disallowed).
[2025-11-05 18:03:34.961] [info]  Checking for update
[2025-11-05 18:03:35.459] [info]  Checking for update (already in progress)
[2025-11-05 18:03:37.104] [info]  Update for version 3.198.5 is not available (latest version: 3.198.5, downgrade is disallowed).
[2025-11-06 15:48:39.757] [info]  Checking for update
[2025-11-06 15:48:40.265] [info]  Checking for update (already in progress)
[2025-11-06 15:48:42.089] [info]  Update for version 3.198.5 is not available (latest version: 3.198.5, downgrade is disallowed).
[2025-11-06 19:40:38.220] [info]  Checking for update
[2025-11-06 19:40:40.490] [info]  Update for version 3.198.5 is not available (latest version: 3.198.5, downgrade is disallowed).
[2025-11-06 19:40:51.287] [info]  Checking for update
[2025-11-06 19:40:51.462] [info]  Update for version 3.198.5 is not available (latest version: 3.198.5, downgrade is disallowed).
[2025-11-08 23:12:28.709] [info]  Checking for update
[2025-11-08 23:12:29.218] [info]  Checking for update (already in progress)
[2025-11-08 23:12:30.988] [info]  Update for version 3.198.5 is not available (latest version: 3.198.5, downgrade is disallowed).
[2025-11-09 17:08:44.068] [info]  Checking for update
[2025-11-09 17:08:44.557] [info]  Checking for update (already in progress)
[2025-11-09 17:08:46.279] [info]  Update for version 3.198.5 is not available (latest version: 3.198.5, downgrade is disallowed).
[2025-11-09 19:17:25.931] [info]  Checking for update
[2025-11-09 19:17:26.361] [info]  Checking for update (already in progress)
[2025-11-09 19:17:28.036] [info]  Update for version 3.198.5 is not available (latest version: 3.198.5, downgrade is disallowed).
[2025-11-10 15:58:49.489] [info]  Checking for update
[2025-11-10 15:58:49.974] [info]  Checking for update (already in progress)
[2025-11-10 15:58:51.654] [info]  Update for version 3.198.5 is not available (latest version: 3.198.5, downgrade is disallowed).
[2025-11-16 14:28:23.592] [info]  Checking for update
[2025-11-16 14:28:24.091] [info]  Checking for update (already in progress)
[2025-11-16 14:28:25.868] [info]  Update for version 3.198.5 is not available (latest version: 3.198.5, downgrade is disallowed).
[2025-11-28 23:59:48.841] [info]  Checking for update
[2025-11-28 23:59:49.345] [info]  Checking for update (already in progress)
[2025-11-28 23:59:51.080] [info]  Update for version 3.198.5 is not available (latest version: 3.198.5, downgrade is disallowed).
[2025-11-29 00:47:56.563] [info]  Checking for update
[2025-11-29 00:47:57.007] [info]  Checking for update (already in progress)
[2025-11-29 00:47:58.700] [info]  Update for version 3.198.5 is not available (latest version: 3.198.5, downgrade is disallowed).
[2025-11-29 09:35:12.270] [info]  Checking for update
[2025-11-29 09:35:12.747] [info]  Checking for update (already in progress)
[2025-11-29 09:35:14.542] [info]  Update for version 3.198.5 is not available (latest version: 3.198.5, downgrade is disallowed).
[2025-11-29 09:47:28.996] [info]  Checking for update
[2025-11-29 09:47:29.444] [info]  Checking for update (already in progress)
[2025-11-29 09:47:31.042] [info]  Update for version 3.198.5 is not available (latest version: 3.198.5, downgrade is disallowed).
[2025-12-06 02:52:16.931] [info]  Checking for update
[2025-12-06 02:52:16.958] [error] Error: Error: net::ERR_NAME_NOT_RESOLVED
    at SimpleURLLoaderWrapper.<anonymous> (node:electron/js2c/browser_init:2:123472)
    at SimpleURLLoaderWrapper.emit (node:events:518:28)
[2025-12-06 02:52:17.555] [info]  Checking for update
[2025-12-06 02:52:17.558] [error] Error: Error: net::ERR_NAME_NOT_RESOLVED
    at SimpleURLLoaderWrapper.<anonymous> (node:electron/js2c/browser_init:2:123472)
    at SimpleURLLoaderWrapper.emit (node:events:518:28)
