2025-11-28 23:55:37.484 [info] [main] Log level: Info
2025-11-28 23:55:37.484 [info] [main] Validating found git in: "git"
2025-11-28 23:55:37.484 [info] [main] Using git "2.52.0" from "git"
2025-11-28 23:55:37.484 [info] [Model][doInitialScan] Initial repository scan started
2025-11-28 23:55:37.484 [info] > git rev-parse --show-toplevel [4ms]
2025-11-28 23:55:37.484 [info] fatal: not a git repository (or any parent up to mount point /)
Stopping at filesystem boundary (GIT_DISCOVERY_ACROSS_FILESYSTEM not set).
2025-11-28 23:55:37.484 [info] > git rev-parse --show-toplevel [1ms]
2025-11-28 23:55:37.484 [info] fatal: not a git repository (or any parent up to mount point /)
Stopping at filesystem boundary (GIT_DISCOVERY_ACROSS_FILESYSTEM not set).
2025-11-28 23:55:37.484 [info] > git rev-parse --show-toplevel [5ms]
2025-11-28 23:55:37.484 [info] fatal: not a git repository (or any parent up to mount point /)
Stopping at filesystem boundary (GIT_DISCOVERY_ACROSS_FILESYSTEM not set).
2025-11-28 23:55:37.487 [info] > git rev-parse --show-toplevel [3ms]
2025-11-28 23:55:37.487 [info] fatal: not a git repository (or any parent up to mount point /)
Stopping at filesystem boundary (GIT_DISCOVERY_ACROSS_FILESYSTEM not set).
2025-11-28 23:55:37.511 [info] > git rev-parse --show-toplevel [1ms]
2025-11-28 23:55:37.511 [info] fatal: not a git repository (or any parent up to mount point /)
Stopping at filesystem boundary (GIT_DISCOVERY_ACROSS_FILESYSTEM not set).
2025-11-28 23:55:37.515 [info] > git rev-parse --show-toplevel [1ms]
2025-11-28 23:55:37.515 [info] fatal: not a git repository (or any parent up to mount point /)
Stopping at filesystem boundary (GIT_DISCOVERY_ACROSS_FILESYSTEM not set).
2025-11-28 23:55:37.522 [info] > git rev-parse --show-toplevel [1ms]
2025-11-28 23:55:37.522 [info] fatal: not a git repository (or any parent up to mount point /)
Stopping at filesystem boundary (GIT_DISCOVERY_ACROSS_FILESYSTEM not set).
2025-11-28 23:55:37.526 [info] > git rev-parse --show-toplevel [1ms]
2025-11-28 23:55:37.526 [info] fatal: not a git repository (or any parent up to mount point /)
Stopping at filesystem boundary (GIT_DISCOVERY_ACROSS_FILESYSTEM not set).
2025-11-28 23:55:37.530 [info] > git rev-parse --show-toplevel [1ms]
2025-11-28 23:55:37.530 [info] fatal: not a git repository (or any parent up to mount point /)
Stopping at filesystem boundary (GIT_DISCOVERY_ACROSS_FILESYSTEM not set).
2025-11-28 23:55:37.534 [info] > git rev-parse --show-toplevel [1ms]
2025-11-28 23:55:37.534 [info] fatal: not a git repository (or any parent up to mount point /)
Stopping at filesystem boundary (GIT_DISCOVERY_ACROSS_FILESYSTEM not set).
2025-11-28 23:55:37.538 [info] > git rev-parse --show-toplevel [1ms]
2025-11-28 23:55:37.538 [info] fatal: not a git repository (or any parent up to mount point /)
Stopping at filesystem boundary (GIT_DISCOVERY_ACROSS_FILESYSTEM not set).
2025-11-28 23:55:37.541 [info] > git rev-parse --show-toplevel [1ms]
2025-11-28 23:55:37.541 [info] fatal: not a git repository (or any parent up to mount point /)
Stopping at filesystem boundary (GIT_DISCOVERY_ACROSS_FILESYSTEM not set).
2025-11-28 23:55:37.545 [info] > git rev-parse --show-toplevel [1ms]
2025-11-28 23:55:37.545 [info] fatal: not a git repository (or any parent up to mount point /)
Stopping at filesystem boundary (GIT_DISCOVERY_ACROSS_FILESYSTEM not set).
2025-11-28 23:55:37.549 [info] > git rev-parse --show-toplevel [1ms]
2025-11-28 23:55:37.549 [info] fatal: not a git repository (or any parent up to mount point /)
Stopping at filesystem boundary (GIT_DISCOVERY_ACROSS_FILESYSTEM not set).
2025-11-28 23:55:37.553 [info] > git rev-parse --show-toplevel [1ms]
2025-11-28 23:55:37.553 [info] fatal: not a git repository (or any parent up to mount point /)
Stopping at filesystem boundary (GIT_DISCOVERY_ACROSS_FILESYSTEM not set).
2025-11-28 23:55:37.557 [info] > git rev-parse --show-toplevel [1ms]
2025-11-28 23:55:37.557 [info] fatal: not a git repository (or any parent up to mount point /)
Stopping at filesystem boundary (GIT_DISCOVERY_ACROSS_FILESYSTEM not set).
2025-11-28 23:55:37.561 [info] > git rev-parse --show-toplevel [1ms]
2025-11-28 23:55:37.561 [info] fatal: not a git repository (or any parent up to mount point /)
Stopping at filesystem boundary (GIT_DISCOVERY_ACROSS_FILESYSTEM not set).
2025-11-28 23:55:37.565 [info] > git rev-parse --show-toplevel [0ms]
2025-11-28 23:55:37.565 [info] fatal: not a git repository (or any parent up to mount point /)
Stopping at filesystem boundary (GIT_DISCOVERY_ACROSS_FILESYSTEM not set).
2025-11-28 23:55:37.568 [info] > git rev-parse --show-toplevel [0ms]
2025-11-28 23:55:37.568 [info] fatal: not a git repository (or any parent up to mount point /)
Stopping at filesystem boundary (GIT_DISCOVERY_ACROSS_FILESYSTEM not set).
2025-11-28 23:55:37.572 [info] > git rev-parse --show-toplevel [1ms]
2025-11-28 23:55:37.572 [info] fatal: not a git repository (or any parent up to mount point /)
Stopping at filesystem boundary (GIT_DISCOVERY_ACROSS_FILESYSTEM not set).
2025-11-28 23:55:37.576 [info] > git rev-parse --show-toplevel [1ms]
2025-11-28 23:55:37.576 [info] fatal: not a git repository (or any parent up to mount point /)
Stopping at filesystem boundary (GIT_DISCOVERY_ACROSS_FILESYSTEM not set).
2025-11-28 23:55:37.579 [info] > git rev-parse --show-toplevel [1ms]
2025-11-28 23:55:37.579 [info] fatal: not a git repository (or any parent up to mount point /)
Stopping at filesystem boundary (GIT_DISCOVERY_ACROSS_FILESYSTEM not set).
2025-11-28 23:55:37.583 [info] > git rev-parse --show-toplevel [1ms]
2025-11-28 23:55:37.583 [info] fatal: not a git repository (or any parent up to mount point /)
Stopping at filesystem boundary (GIT_DISCOVERY_ACROSS_FILESYSTEM not set).
2025-11-28 23:55:37.587 [info] > git rev-parse --show-toplevel [1ms]
2025-11-28 23:55:37.587 [info] fatal: not a git repository (or any parent up to mount point /)
Stopping at filesystem boundary (GIT_DISCOVERY_ACROSS_FILESYSTEM not set).
2025-11-28 23:55:37.591 [info] > git rev-parse --show-toplevel [1ms]
2025-11-28 23:55:37.591 [info] fatal: not a git repository (or any parent up to mount point /)
Stopping at filesystem boundary (GIT_DISCOVERY_ACROSS_FILESYSTEM not set).
2025-11-28 23:55:37.595 [info] > git rev-parse --show-toplevel [1ms]
2025-11-28 23:55:37.595 [info] fatal: not a git repository (or any parent up to mount point /)
Stopping at filesystem boundary (GIT_DISCOVERY_ACROSS_FILESYSTEM not set).
2025-11-28 23:55:37.604 [info] > git rev-parse --show-toplevel [6ms]
2025-11-28 23:55:37.604 [info] fatal: not a git repository (or any parent up to mount point /)
Stopping at filesystem boundary (GIT_DISCOVERY_ACROSS_FILESYSTEM not set).
2025-11-28 23:55:37.609 [info] > git rev-parse --show-toplevel [1ms]
2025-11-28 23:55:37.609 [info] fatal: not a git repository (or any parent up to mount point /)
Stopping at filesystem boundary (GIT_DISCOVERY_ACROSS_FILESYSTEM not set).
2025-11-28 23:55:37.613 [info] > git rev-parse --show-toplevel [1ms]
2025-11-28 23:55:37.613 [info] fatal: not a git repository (or any parent up to mount point /)
Stopping at filesystem boundary (GIT_DISCOVERY_ACROSS_FILESYSTEM not set).
2025-11-28 23:55:37.617 [info] > git rev-parse --show-toplevel [1ms]
2025-11-28 23:55:37.617 [info] fatal: not a git repository (or any parent up to mount point /)
Stopping at filesystem boundary (GIT_DISCOVERY_ACROSS_FILESYSTEM not set).
2025-11-28 23:55:37.621 [info] > git rev-parse --show-toplevel [1ms]
2025-11-28 23:55:37.621 [info] fatal: not a git repository (or any parent up to mount point /)
Stopping at filesystem boundary (GIT_DISCOVERY_ACROSS_FILESYSTEM not set).
2025-11-28 23:55:37.624 [info] > git rev-parse --show-toplevel [0ms]
2025-11-28 23:55:37.625 [info] fatal: not a git repository (or any parent up to mount point /)
Stopping at filesystem boundary (GIT_DISCOVERY_ACROSS_FILESYSTEM not set).
2025-11-28 23:55:37.628 [info] > git rev-parse --show-toplevel [1ms]
2025-11-28 23:55:37.628 [info] fatal: not a git repository (or any parent up to mount point /)
Stopping at filesystem boundary (GIT_DISCOVERY_ACROSS_FILESYSTEM not set).
2025-11-28 23:55:37.632 [info] > git rev-parse --show-toplevel [1ms]
2025-11-28 23:55:37.632 [info] fatal: not a git repository (or any parent up to mount point /)
Stopping at filesystem boundary (GIT_DISCOVERY_ACROSS_FILESYSTEM not set).
2025-11-28 23:55:37.635 [info] > git rev-parse --show-toplevel [0ms]
2025-11-28 23:55:37.635 [info] fatal: not a git repository (or any parent up to mount point /)
Stopping at filesystem boundary (GIT_DISCOVERY_ACROSS_FILESYSTEM not set).
2025-11-28 23:55:37.639 [info] > git rev-parse --show-toplevel [1ms]
2025-11-28 23:55:37.639 [info] fatal: not a git repository (or any parent up to mount point /)
Stopping at filesystem boundary (GIT_DISCOVERY_ACROSS_FILESYSTEM not set).
2025-11-28 23:55:37.643 [info] > git rev-parse --show-toplevel [1ms]
2025-11-28 23:55:37.643 [info] fatal: not a git repository (or any parent up to mount point /)
Stopping at filesystem boundary (GIT_DISCOVERY_ACROSS_FILESYSTEM not set).
2025-11-28 23:55:37.646 [info] > git rev-parse --show-toplevel [1ms]
2025-11-28 23:55:37.646 [info] fatal: not a git repository (or any parent up to mount point /)
Stopping at filesystem boundary (GIT_DISCOVERY_ACROSS_FILESYSTEM not set).
2025-11-28 23:55:37.649 [info] > git rev-parse --show-toplevel [0ms]
2025-11-28 23:55:37.649 [info] fatal: not a git repository (or any parent up to mount point /)
Stopping at filesystem boundary (GIT_DISCOVERY_ACROSS_FILESYSTEM not set).
2025-11-28 23:55:37.653 [info] > git rev-parse --show-toplevel [1ms]
2025-11-28 23:55:37.653 [info] fatal: not a git repository (or any parent up to mount point /)
Stopping at filesystem boundary (GIT_DISCOVERY_ACROSS_FILESYSTEM not set).
2025-11-28 23:55:37.657 [info] > git rev-parse --show-toplevel [1ms]
2025-11-28 23:55:37.657 [info] fatal: not a git repository (or any parent up to mount point /)
Stopping at filesystem boundary (GIT_DISCOVERY_ACROSS_FILESYSTEM not set).
2025-11-28 23:55:37.660 [info] > git rev-parse --show-toplevel [0ms]
2025-11-28 23:55:37.660 [info] fatal: not a git repository (or any parent up to mount point /)
Stopping at filesystem boundary (GIT_DISCOVERY_ACROSS_FILESYSTEM not set).
2025-11-28 23:55:37.664 [info] > git rev-parse --show-toplevel [1ms]
2025-11-28 23:55:37.664 [info] fatal: not a git repository (or any parent up to mount point /)
Stopping at filesystem boundary (GIT_DISCOVERY_ACROSS_FILESYSTEM not set).
2025-11-28 23:55:37.667 [info] > git rev-parse --show-toplevel [1ms]
2025-11-28 23:55:37.667 [info] fatal: not a git repository (or any parent up to mount point /)
Stopping at filesystem boundary (GIT_DISCOVERY_ACROSS_FILESYSTEM not set).
2025-11-28 23:55:37.670 [info] > git rev-parse --show-toplevel [0ms]
2025-11-28 23:55:37.670 [info] fatal: not a git repository (or any parent up to mount point /)
Stopping at filesystem boundary (GIT_DISCOVERY_ACROSS_FILESYSTEM not set).
2025-11-28 23:55:37.673 [info] > git rev-parse --show-toplevel [0ms]
2025-11-28 23:55:37.673 [info] fatal: not a git repository (or any parent up to mount point /)
Stopping at filesystem boundary (GIT_DISCOVERY_ACROSS_FILESYSTEM not set).
2025-11-28 23:55:37.677 [info] > git rev-parse --show-toplevel [0ms]
2025-11-28 23:55:37.677 [info] fatal: not a git repository (or any parent up to mount point /)
Stopping at filesystem boundary (GIT_DISCOVERY_ACROSS_FILESYSTEM not set).
2025-11-28 23:55:37.680 [info] > git rev-parse --show-toplevel [1ms]
2025-11-28 23:55:37.680 [info] fatal: not a git repository (or any parent up to mount point /)
Stopping at filesystem boundary (GIT_DISCOVERY_ACROSS_FILESYSTEM not set).
2025-11-28 23:55:37.680 [info] [Model][doInitialScan] Initial repository scan completed - repositories (0), closed repositories (0), parent repositories (0), unsafe repositories (0)
2025-11-28 23:55:37.684 [info] > git rev-parse --show-toplevel [1ms]
2025-11-28 23:55:37.684 [info] fatal: not a git repository (or any parent up to mount point /)
Stopping at filesystem boundary (GIT_DISCOVERY_ACROSS_FILESYSTEM not set).
2025-11-28 23:55:37.687 [info] > git rev-parse --show-toplevel [1ms]
2025-11-28 23:55:37.687 [info] fatal: not a git repository (or any parent up to mount point /)
Stopping at filesystem boundary (GIT_DISCOVERY_ACROSS_FILESYSTEM not set).
2025-11-28 23:55:39.272 [info] > git rev-parse --show-toplevel [1ms]
2025-11-28 23:55:39.272 [info] fatal: not a git repository (or any parent up to mount point /)
Stopping at filesystem boundary (GIT_DISCOVERY_ACROSS_FILESYSTEM not set).
2025-11-28 23:55:39.276 [info] > git rev-parse --show-toplevel [1ms]
2025-11-28 23:55:39.276 [info] fatal: not a git repository (or any parent up to mount point /)
Stopping at filesystem boundary (GIT_DISCOVERY_ACROSS_FILESYSTEM not set).
2025-11-28 23:56:03.251 [info] > git rev-parse --show-toplevel [1ms]
2025-11-28 23:56:03.251 [info] fatal: not a git repository (or any parent up to mount point /)
Stopping at filesystem boundary (GIT_DISCOVERY_ACROSS_FILESYSTEM not set).
2025-11-28 23:56:06.880 [info] > git rev-parse --show-toplevel [1ms]
2025-11-28 23:56:06.880 [info] fatal: not a git repository (or any parent up to mount point /)
Stopping at filesystem boundary (GIT_DISCOVERY_ACROSS_FILESYSTEM not set).
2025-11-28 23:58:27.175 [info] > git rev-parse --show-toplevel [1ms]
2025-11-28 23:58:27.175 [info] fatal: not a git repository (or any parent up to mount point /)
Stopping at filesystem boundary (GIT_DISCOVERY_ACROSS_FILESYSTEM not set).
2025-11-28 23:58:27.656 [info] > git rev-parse --show-toplevel [1ms]
2025-11-28 23:58:27.656 [info] fatal: not a git repository (or any parent up to mount point /)
Stopping at filesystem boundary (GIT_DISCOVERY_ACROSS_FILESYSTEM not set).
2025-11-29 00:03:35.424 [info] > git rev-parse --show-toplevel [1ms]
2025-11-29 00:03:35.424 [info] fatal: not a git repository (or any parent up to mount point /)
Stopping at filesystem boundary (GIT_DISCOVERY_ACROSS_FILESYSTEM not set).
2025-11-29 00:04:44.236 [info] > git rev-parse --show-toplevel [2ms]
2025-11-29 00:04:44.236 [info] fatal: not a git repository (or any parent up to mount point /)
Stopping at filesystem boundary (GIT_DISCOVERY_ACROSS_FILESYSTEM not set).
2025-11-29 00:06:05.101 [info] > git rev-parse --show-toplevel [1ms]
2025-11-29 00:06:05.101 [info] fatal: not a git repository (or any parent up to mount point /)
Stopping at filesystem boundary (GIT_DISCOVERY_ACROSS_FILESYSTEM not set).
2025-11-29 00:06:18.934 [info] > git rev-parse --show-toplevel [1ms]
2025-11-29 00:06:18.934 [info] fatal: not a git repository (or any parent up to mount point /)
Stopping at filesystem boundary (GIT_DISCOVERY_ACROSS_FILESYSTEM not set).
2025-11-29 00:07:45.180 [info] > git rev-parse --show-toplevel [0ms]
2025-11-29 00:07:45.181 [info] fatal: not a git repository (or any parent up to mount point /)
Stopping at filesystem boundary (GIT_DISCOVERY_ACROSS_FILESYSTEM not set).
2025-11-29 00:07:49.200 [info] > git rev-parse --show-toplevel [1ms]
2025-11-29 00:07:49.200 [info] fatal: not a git repository (or any parent up to mount point /)
Stopping at filesystem boundary (GIT_DISCOVERY_ACROSS_FILESYSTEM not set).
2025-11-29 00:10:25.926 [info] > git rev-parse --show-toplevel [1ms]
2025-11-29 00:10:25.926 [info] fatal: not a git repository (or any parent up to mount point /)
Stopping at filesystem boundary (GIT_DISCOVERY_ACROSS_FILESYSTEM not set).
2025-11-29 00:11:04.739 [info] > git rev-parse --show-toplevel [1ms]
2025-11-29 00:11:04.739 [info] fatal: not a git repository (or any parent up to mount point /)
Stopping at filesystem boundary (GIT_DISCOVERY_ACROSS_FILESYSTEM not set).
2025-11-29 00:11:05.354 [info] > git rev-parse --show-toplevel [1ms]
2025-11-29 00:11:05.354 [info] fatal: not a git repository (or any parent up to mount point /)
Stopping at filesystem boundary (GIT_DISCOVERY_ACROSS_FILESYSTEM not set).
2025-11-29 00:11:09.300 [info] > git rev-parse --show-toplevel [1ms]
2025-11-29 00:11:09.300 [info] fatal: not a git repository (or any parent up to mount point /)
Stopping at filesystem boundary (GIT_DISCOVERY_ACROSS_FILESYSTEM not set).
2025-11-29 00:11:20.978 [info] > git rev-parse --show-toplevel [1ms]
2025-11-29 00:11:20.978 [info] fatal: not a git repository (or any parent up to mount point /)
Stopping at filesystem boundary (GIT_DISCOVERY_ACROSS_FILESYSTEM not set).
2025-11-29 00:12:58.383 [info] > git rev-parse --show-toplevel [1ms]
2025-11-29 00:12:58.383 [info] fatal: not a git repository (or any parent up to mount point /)
Stopping at filesystem boundary (GIT_DISCOVERY_ACROSS_FILESYSTEM not set).
2025-11-29 00:13:47.833 [info] > git rev-parse --show-toplevel [1ms]
2025-11-29 00:13:47.833 [info] fatal: not a git repository (or any parent up to mount point /)
Stopping at filesystem boundary (GIT_DISCOVERY_ACROSS_FILESYSTEM not set).
2025-11-29 00:14:00.141 [info] > git rev-parse --show-toplevel [1ms]
2025-11-29 00:14:00.141 [info] fatal: not a git repository (or any parent up to mount point /)
Stopping at filesystem boundary (GIT_DISCOVERY_ACROSS_FILESYSTEM not set).
2025-11-29 00:14:21.895 [info] > git rev-parse --show-toplevel [1ms]
2025-11-29 00:14:21.895 [info] fatal: not a git repository (or any parent up to mount point /)
Stopping at filesystem boundary (GIT_DISCOVERY_ACROSS_FILESYSTEM not set).
2025-11-29 00:14:49.925 [info] > git rev-parse --show-toplevel [1ms]
2025-11-29 00:14:49.925 [info] fatal: not a git repository (or any parent up to mount point /)
Stopping at filesystem boundary (GIT_DISCOVERY_ACROSS_FILESYSTEM not set).
2025-11-29 00:15:36.995 [info] > git rev-parse --show-toplevel [2ms]
2025-11-29 00:15:36.995 [info] fatal: not a git repository (or any parent up to mount point /)
Stopping at filesystem boundary (GIT_DISCOVERY_ACROSS_FILESYSTEM not set).
2025-11-29 00:16:25.274 [info] > git rev-parse --show-toplevel [1ms]
2025-11-29 00:16:25.274 [info] fatal: not a git repository (or any parent up to mount point /)
Stopping at filesystem boundary (GIT_DISCOVERY_ACROSS_FILESYSTEM not set).
2025-11-29 00:16:25.899 [info] > git rev-parse --show-toplevel [1ms]
2025-11-29 00:16:25.899 [info] fatal: not a git repository (or any parent up to mount point /)
Stopping at filesystem boundary (GIT_DISCOVERY_ACROSS_FILESYSTEM not set).
2025-11-29 00:16:26.872 [info] > git rev-parse --show-toplevel [1ms]
2025-11-29 00:16:26.872 [info] fatal: not a git repository (or any parent up to mount point /)
Stopping at filesystem boundary (GIT_DISCOVERY_ACROSS_FILESYSTEM not set).
2025-11-29 00:18:13.173 [info] > git rev-parse --show-toplevel [1ms]
2025-11-29 00:18:13.173 [info] fatal: not a git repository (or any parent up to mount point /)
Stopping at filesystem boundary (GIT_DISCOVERY_ACROSS_FILESYSTEM not set).
2025-11-29 00:18:25.873 [info] > git rev-parse --show-toplevel [1ms]
2025-11-29 00:18:25.873 [info] fatal: not a git repository (or any parent up to mount point /)
Stopping at filesystem boundary (GIT_DISCOVERY_ACROSS_FILESYSTEM not set).
2025-11-29 00:19:34.703 [info] > git rev-parse --show-toplevel [1ms]
2025-11-29 00:19:34.703 [info] fatal: not a git repository (or any parent up to mount point /)
Stopping at filesystem boundary (GIT_DISCOVERY_ACROSS_FILESYSTEM not set).
2025-11-29 00:20:42.663 [info] > git rev-parse --show-toplevel [1ms]
2025-11-29 00:20:42.663 [info] fatal: not a git repository (or any parent up to mount point /)
Stopping at filesystem boundary (GIT_DISCOVERY_ACROSS_FILESYSTEM not set).
2025-11-29 00:20:46.474 [info] > git rev-parse --show-toplevel [1ms]
2025-11-29 00:20:46.474 [info] fatal: not a git repository (or any parent up to mount point /)
Stopping at filesystem boundary (GIT_DISCOVERY_ACROSS_FILESYSTEM not set).
2025-11-29 00:21:08.533 [info] > git rev-parse --show-toplevel [0ms]
2025-11-29 00:21:08.533 [info] fatal: not a git repository (or any parent up to mount point /)
Stopping at filesystem boundary (GIT_DISCOVERY_ACROSS_FILESYSTEM not set).
2025-11-29 00:21:17.586 [info] > git rev-parse --show-toplevel [1ms]
2025-11-29 00:21:17.586 [info] fatal: not a git repository (or any parent up to mount point /)
Stopping at filesystem boundary (GIT_DISCOVERY_ACROSS_FILESYSTEM not set).
2025-11-29 00:21:52.296 [info] > git rev-parse --show-toplevel [1ms]
2025-11-29 00:21:52.296 [info] fatal: not a git repository (or any parent up to mount point /)
Stopping at filesystem boundary (GIT_DISCOVERY_ACROSS_FILESYSTEM not set).
2025-11-29 00:22:20.238 [info] > git rev-parse --show-toplevel [1ms]
2025-11-29 00:22:20.238 [info] fatal: not a git repository (or any parent up to mount point /)
Stopping at filesystem boundary (GIT_DISCOVERY_ACROSS_FILESYSTEM not set).
2025-11-29 00:25:12.016 [info] > git rev-parse --show-toplevel [0ms]
2025-11-29 00:25:12.016 [info] fatal: not a git repository (or any parent up to mount point /)
Stopping at filesystem boundary (GIT_DISCOVERY_ACROSS_FILESYSTEM not set).
2025-11-29 00:26:41.621 [info] > git rev-parse --show-toplevel [1ms]
2025-11-29 00:26:41.621 [info] fatal: not a git repository (or any parent up to mount point /)
Stopping at filesystem boundary (GIT_DISCOVERY_ACROSS_FILESYSTEM not set).
2025-11-29 00:27:31.062 [info] > git rev-parse --show-toplevel [1ms]
2025-11-29 00:27:31.062 [info] fatal: not a git repository (or any parent up to mount point /)
Stopping at filesystem boundary (GIT_DISCOVERY_ACROSS_FILESYSTEM not set).
2025-11-29 00:27:56.467 [info] > git rev-parse --show-toplevel [1ms]
2025-11-29 00:27:56.467 [info] fatal: not a git repository (or any parent up to mount point /)
Stopping at filesystem boundary (GIT_DISCOVERY_ACROSS_FILESYSTEM not set).
2025-11-29 00:28:50.425 [info] > git rev-parse --show-toplevel [1ms]
2025-11-29 00:28:50.425 [info] fatal: not a git repository (or any parent up to mount point /)
Stopping at filesystem boundary (GIT_DISCOVERY_ACROSS_FILESYSTEM not set).
2025-11-29 00:28:51.226 [info] > git rev-parse --show-toplevel [1ms]
2025-11-29 00:28:51.226 [info] fatal: not a git repository (or any parent up to mount point /)
Stopping at filesystem boundary (GIT_DISCOVERY_ACROSS_FILESYSTEM not set).
2025-11-29 00:28:51.976 [info] > git rev-parse --show-toplevel [0ms]
2025-11-29 00:28:51.976 [info] fatal: not a git repository (or any parent up to mount point /)
Stopping at filesystem boundary (GIT_DISCOVERY_ACROSS_FILESYSTEM not set).
2025-11-29 00:28:53.349 [info] > git rev-parse --show-toplevel [1ms]
2025-11-29 00:28:53.349 [info] fatal: not a git repository (or any parent up to mount point /)
Stopping at filesystem boundary (GIT_DISCOVERY_ACROSS_FILESYSTEM not set).
2025-11-29 00:28:54.316 [info] > git rev-parse --show-toplevel [1ms]
2025-11-29 00:28:54.316 [info] fatal: not a git repository (or any parent up to mount point /)
Stopping at filesystem boundary (GIT_DISCOVERY_ACROSS_FILESYSTEM not set).
2025-11-29 00:28:56.859 [info] > git rev-parse --show-toplevel [1ms]
2025-11-29 00:28:56.859 [info] fatal: not a git repository (or any parent up to mount point /)
Stopping at filesystem boundary (GIT_DISCOVERY_ACROSS_FILESYSTEM not set).
2025-11-29 00:28:58.360 [info] > git rev-parse --show-toplevel [1ms]
2025-11-29 00:28:58.360 [info] fatal: not a git repository (or any parent up to mount point /)
Stopping at filesystem boundary (GIT_DISCOVERY_ACROSS_FILESYSTEM not set).
2025-11-29 00:28:59.552 [info] > git rev-parse --show-toplevel [1ms]
2025-11-29 00:28:59.552 [info] fatal: not a git repository (or any parent up to mount point /)
Stopping at filesystem boundary (GIT_DISCOVERY_ACROSS_FILESYSTEM not set).
2025-11-29 00:29:00.849 [info] > git rev-parse --show-toplevel [1ms]
2025-11-29 00:29:00.849 [info] fatal: not a git repository (or any parent up to mount point /)
Stopping at filesystem boundary (GIT_DISCOVERY_ACROSS_FILESYSTEM not set).
2025-11-29 00:29:01.336 [info] > git rev-parse --show-toplevel [1ms]
2025-11-29 00:29:01.336 [info] fatal: not a git repository (or any parent up to mount point /)
Stopping at filesystem boundary (GIT_DISCOVERY_ACROSS_FILESYSTEM not set).
2025-11-29 00:29:01.907 [info] > git rev-parse --show-toplevel [0ms]
2025-11-29 00:29:01.907 [info] fatal: not a git repository (or any parent up to mount point /)
Stopping at filesystem boundary (GIT_DISCOVERY_ACROSS_FILESYSTEM not set).
2025-11-29 00:29:02.356 [info] > git rev-parse --show-toplevel [1ms]
2025-11-29 00:29:02.356 [info] fatal: not a git repository (or any parent up to mount point /)
Stopping at filesystem boundary (GIT_DISCOVERY_ACROSS_FILESYSTEM not set).
2025-11-29 00:29:02.681 [info] > git rev-parse --show-toplevel [1ms]
2025-11-29 00:29:02.681 [info] fatal: not a git repository (or any parent up to mount point /)
Stopping at filesystem boundary (GIT_DISCOVERY_ACROSS_FILESYSTEM not set).
2025-11-29 00:29:59.030 [info] > git rev-parse --show-toplevel [1ms]
2025-11-29 00:29:59.030 [info] fatal: not a git repository (or any parent up to mount point /)
Stopping at filesystem boundary (GIT_DISCOVERY_ACROSS_FILESYSTEM not set).
2025-11-29 00:30:02.038 [info] > git rev-parse --show-toplevel [1ms]
2025-11-29 00:30:02.038 [info] fatal: not a git repository (or any parent up to mount point /)
Stopping at filesystem boundary (GIT_DISCOVERY_ACROSS_FILESYSTEM not set).
2025-11-29 00:30:05.209 [info] > git rev-parse --show-toplevel [1ms]
2025-11-29 00:30:05.209 [info] fatal: not a git repository (or any parent up to mount point /)
Stopping at filesystem boundary (GIT_DISCOVERY_ACROSS_FILESYSTEM not set).
2025-11-29 00:30:35.286 [info] > git rev-parse --show-toplevel [1ms]
2025-11-29 00:30:35.286 [info] fatal: not a git repository (or any parent up to mount point /)
Stopping at filesystem boundary (GIT_DISCOVERY_ACROSS_FILESYSTEM not set).
2025-11-29 00:30:59.130 [info] > git rev-parse --show-toplevel [1ms]
2025-11-29 00:30:59.130 [info] fatal: not a git repository (or any parent up to mount point /)
Stopping at filesystem boundary (GIT_DISCOVERY_ACROSS_FILESYSTEM not set).
2025-11-29 00:32:21.618 [info] > git rev-parse --show-toplevel [1ms]
2025-11-29 00:32:21.618 [info] fatal: not a git repository (or any parent up to mount point /)
Stopping at filesystem boundary (GIT_DISCOVERY_ACROSS_FILESYSTEM not set).
2025-11-29 00:32:22.060 [info] > git rev-parse --show-toplevel [1ms]
2025-11-29 00:32:22.060 [info] fatal: not a git repository (or any parent up to mount point /)
Stopping at filesystem boundary (GIT_DISCOVERY_ACROSS_FILESYSTEM not set).
2025-11-29 00:36:40.933 [info] > git rev-parse --show-toplevel [1ms]
2025-11-29 00:36:40.933 [info] fatal: not a git repository (or any parent up to mount point /)
Stopping at filesystem boundary (GIT_DISCOVERY_ACROSS_FILESYSTEM not set).
2025-11-29 00:37:43.852 [info] > git rev-parse --show-toplevel [1ms]
2025-11-29 00:37:43.852 [info] fatal: not a git repository (or any parent up to mount point /)
Stopping at filesystem boundary (GIT_DISCOVERY_ACROSS_FILESYSTEM not set).
2025-11-29 00:37:44.587 [info] > git rev-parse --show-toplevel [1ms]
2025-11-29 00:37:44.587 [info] fatal: not a git repository (or any parent up to mount point /)
Stopping at filesystem boundary (GIT_DISCOVERY_ACROSS_FILESYSTEM not set).
2025-11-29 00:37:52.148 [info] > git rev-parse --show-toplevel [0ms]
2025-11-29 00:37:52.148 [info] fatal: not a git repository (or any parent up to mount point /)
Stopping at filesystem boundary (GIT_DISCOVERY_ACROSS_FILESYSTEM not set).
2025-11-29 00:37:59.573 [info] > git rev-parse --show-toplevel [1ms]
2025-11-29 00:37:59.573 [info] fatal: not a git repository (or any parent up to mount point /)
Stopping at filesystem boundary (GIT_DISCOVERY_ACROSS_FILESYSTEM not set).
2025-11-29 00:38:09.451 [info] > git rev-parse --show-toplevel [1ms]
2025-11-29 00:38:09.451 [info] fatal: not a git repository (or any parent up to mount point /)
Stopping at filesystem boundary (GIT_DISCOVERY_ACROSS_FILESYSTEM not set).
2025-11-29 00:40:07.325 [info] > git rev-parse --show-toplevel [1ms]
2025-11-29 00:40:07.325 [info] fatal: not a git repository (or any parent up to mount point /)
Stopping at filesystem boundary (GIT_DISCOVERY_ACROSS_FILESYSTEM not set).
2025-11-29 00:40:28.693 [info] > git rev-parse --show-toplevel [1ms]
2025-11-29 00:40:28.693 [info] fatal: not a git repository (or any parent up to mount point /)
Stopping at filesystem boundary (GIT_DISCOVERY_ACROSS_FILESYSTEM not set).
2025-11-29 00:40:50.001 [info] > git rev-parse --show-toplevel [1ms]
2025-11-29 00:40:50.001 [info] fatal: not a git repository (or any parent up to mount point /)
Stopping at filesystem boundary (GIT_DISCOVERY_ACROSS_FILESYSTEM not set).
2025-11-29 00:44:18.232 [info] > git rev-parse --show-toplevel [1ms]
2025-11-29 00:44:18.232 [info] fatal: not a git repository (or any parent up to mount point /)
Stopping at filesystem boundary (GIT_DISCOVERY_ACROSS_FILESYSTEM not set).
2025-11-29 00:44:25.822 [info] > git rev-parse --show-toplevel [1ms]
2025-11-29 00:44:25.822 [info] fatal: not a git repository (or any parent up to mount point /)
Stopping at filesystem boundary (GIT_DISCOVERY_ACROSS_FILESYSTEM not set).
2025-11-29 00:44:35.857 [info] > git rev-parse --show-toplevel [1ms]
2025-11-29 00:44:35.857 [info] fatal: not a git repository (or any parent up to mount point /)
Stopping at filesystem boundary (GIT_DISCOVERY_ACROSS_FILESYSTEM not set).
2025-11-29 00:46:27.623 [info] > git rev-parse --show-toplevel [1ms]
2025-11-29 00:46:27.623 [info] fatal: not a git repository (or any parent up to mount point /)
Stopping at filesystem boundary (GIT_DISCOVERY_ACROSS_FILESYSTEM not set).
2025-11-29 00:46:52.940 [info] > git rev-parse --show-toplevel [1ms]
2025-11-29 00:46:52.940 [info] fatal: not a git repository (or any parent up to mount point /)
Stopping at filesystem boundary (GIT_DISCOVERY_ACROSS_FILESYSTEM not set).
2025-11-29 00:47:16.100 [info] > git rev-parse --show-toplevel [1ms]
2025-11-29 00:47:16.101 [info] fatal: not a git repository (or any parent up to mount point /)
Stopping at filesystem boundary (GIT_DISCOVERY_ACROSS_FILESYSTEM not set).
2025-11-29 00:48:42.292 [info] > git rev-parse --show-toplevel [1ms]
2025-11-29 00:48:42.292 [info] fatal: not a git repository (or any parent up to mount point /)
Stopping at filesystem boundary (GIT_DISCOVERY_ACROSS_FILESYSTEM not set).
2025-11-29 00:50:52.822 [info] > git rev-parse --show-toplevel [1ms]
2025-11-29 00:50:52.822 [info] fatal: not a git repository (or any parent up to mount point /)
Stopping at filesystem boundary (GIT_DISCOVERY_ACROSS_FILESYSTEM not set).
2025-11-29 00:54:52.177 [info] > git rev-parse --show-toplevel [0ms]
2025-11-29 00:54:52.177 [info] fatal: not a git repository (or any parent up to mount point /)
Stopping at filesystem boundary (GIT_DISCOVERY_ACROSS_FILESYSTEM not set).
2025-11-29 00:54:57.447 [info] > git rev-parse --show-toplevel [1ms]
2025-11-29 00:54:57.447 [info] fatal: not a git repository (or any parent up to mount point /)
Stopping at filesystem boundary (GIT_DISCOVERY_ACROSS_FILESYSTEM not set).
2025-11-29 00:54:58.019 [info] > git rev-parse --show-toplevel [1ms]
2025-11-29 00:54:58.019 [info] fatal: not a git repository (or any parent up to mount point /)
Stopping at filesystem boundary (GIT_DISCOVERY_ACROSS_FILESYSTEM not set).
2025-11-29 00:54:58.399 [info] > git rev-parse --show-toplevel [1ms]
2025-11-29 00:54:58.399 [info] fatal: not a git repository (or any parent up to mount point /)
Stopping at filesystem boundary (GIT_DISCOVERY_ACROSS_FILESYSTEM not set).
2025-11-29 00:55:19.684 [info] > git rev-parse --show-toplevel [1ms]
2025-11-29 00:55:19.684 [info] fatal: not a git repository (or any parent up to mount point /)
Stopping at filesystem boundary (GIT_DISCOVERY_ACROSS_FILESYSTEM not set).
2025-11-29 00:55:21.342 [info] > git rev-parse --show-toplevel [1ms]
2025-11-29 00:55:21.342 [info] fatal: not a git repository (or any parent up to mount point /)
Stopping at filesystem boundary (GIT_DISCOVERY_ACROSS_FILESYSTEM not set).
2025-11-29 00:56:29.604 [info] > git rev-parse --show-toplevel [1ms]
2025-11-29 00:56:29.604 [info] fatal: not a git repository (or any parent up to mount point /)
Stopping at filesystem boundary (GIT_DISCOVERY_ACROSS_FILESYSTEM not set).
2025-11-29 00:56:54.295 [info] > git rev-parse --show-toplevel [1ms]
2025-11-29 00:56:54.295 [info] fatal: not a git repository (or any parent up to mount point /)
Stopping at filesystem boundary (GIT_DISCOVERY_ACROSS_FILESYSTEM not set).
2025-11-29 00:57:08.041 [info] > git rev-parse --show-toplevel [1ms]
2025-11-29 00:57:08.041 [info] fatal: not a git repository (or any parent up to mount point /)
Stopping at filesystem boundary (GIT_DISCOVERY_ACROSS_FILESYSTEM not set).
2025-11-29 00:57:21.589 [info] > git rev-parse --show-toplevel [2ms]
2025-11-29 00:57:21.589 [info] fatal: not a git repository (or any parent up to mount point /)
Stopping at filesystem boundary (GIT_DISCOVERY_ACROSS_FILESYSTEM not set).
2025-11-29 01:02:08.591 [info] > git rev-parse --show-toplevel [0ms]
2025-11-29 01:02:08.591 [info] fatal: not a git repository (or any parent up to mount point /)
Stopping at filesystem boundary (GIT_DISCOVERY_ACROSS_FILESYSTEM not set).
2025-11-29 01:03:25.509 [info] > git rev-parse --show-toplevel [1ms]
2025-11-29 01:03:25.509 [info] fatal: not a git repository (or any parent up to mount point /)
Stopping at filesystem boundary (GIT_DISCOVERY_ACROSS_FILESYSTEM not set).
2025-11-29 01:03:46.600 [info] > git rev-parse --show-toplevel [1ms]
2025-11-29 01:03:46.600 [info] fatal: not a git repository (or any parent up to mount point /)
Stopping at filesystem boundary (GIT_DISCOVERY_ACROSS_FILESYSTEM not set).
2025-11-29 01:03:52.464 [info] > git rev-parse --show-toplevel [0ms]
2025-11-29 01:03:52.464 [info] fatal: not a git repository (or any parent up to mount point /)
Stopping at filesystem boundary (GIT_DISCOVERY_ACROSS_FILESYSTEM not set).
2025-11-29 01:03:58.562 [info] > git rev-parse --show-toplevel [1ms]
2025-11-29 01:03:58.562 [info] fatal: not a git repository (or any parent up to mount point /)
Stopping at filesystem boundary (GIT_DISCOVERY_ACROSS_FILESYSTEM not set).
2025-11-29 01:04:00.256 [info] > git rev-parse --show-toplevel [2ms]
2025-11-29 01:04:00.256 [info] fatal: not a git repository (or any parent up to mount point /)
Stopping at filesystem boundary (GIT_DISCOVERY_ACROSS_FILESYSTEM not set).
2025-11-29 01:04:00.261 [info] > git rev-parse --show-toplevel [1ms]
2025-11-29 01:04:00.261 [info] fatal: not a git repository (or any parent up to mount point /)
Stopping at filesystem boundary (GIT_DISCOVERY_ACROSS_FILESYSTEM not set).
2025-11-29 01:04:00.265 [info] > git rev-parse --show-toplevel [1ms]
2025-11-29 01:04:00.265 [info] fatal: not a git repository (or any parent up to mount point /)
Stopping at filesystem boundary (GIT_DISCOVERY_ACROSS_FILESYSTEM not set).
2025-11-29 01:05:57.071 [info] > git rev-parse --show-toplevel [1ms]
2025-11-29 01:05:57.071 [info] fatal: not a git repository (or any parent up to mount point /)
Stopping at filesystem boundary (GIT_DISCOVERY_ACROSS_FILESYSTEM not set).
2025-11-29 01:06:49.729 [info] > git rev-parse --show-toplevel [1ms]
2025-11-29 01:06:49.729 [info] fatal: not a git repository (or any parent up to mount point /)
Stopping at filesystem boundary (GIT_DISCOVERY_ACROSS_FILESYSTEM not set).
2025-11-29 01:06:51.400 [info] > git rev-parse --show-toplevel [1ms]
2025-11-29 01:06:51.400 [info] fatal: not a git repository (or any parent up to mount point /)
Stopping at filesystem boundary (GIT_DISCOVERY_ACROSS_FILESYSTEM not set).
